[0.940s] Invoking command in '/home/eunbyeol/kobuki_ws/src/ball_tracking': PYTHONPATH=/home/eunbyeol/kobuki_ws/src/ball_tracking/build/ball_tracking/prefix_override:/usr/lib/python3/dist-packages/colcon_core/task/python/colcon_distutils_commands:/home/eunbyeol/kobuki_ws/src/ball_tracking/install/ball_tracking/lib/python3.10/site-packages:${PYTHONPATH} /usr/bin/python3 -W ignore:setup.py install is deprecated -W ignore:easy_install command is deprecated setup.py egg_info --egg-base build/ball_tracking build --build-base /home/eunbyeol/kobuki_ws/src/ball_tracking/build/ball_tracking/build install --record /home/eunbyeol/kobuki_ws/src/ball_tracking/build/ball_tracking/install.log --single-version-externally-managed install_data
[1.251s] running egg_info
[1.251s] creating build/ball_tracking/ball_tracking.egg-info
[1.251s] writing build/ball_tracking/ball_tracking.egg-info/PKG-INFO
[1.252s] writing dependency_links to build/ball_tracking/ball_tracking.egg-info/dependency_links.txt
[1.252s] writing entry points to build/ball_tracking/ball_tracking.egg-info/entry_points.txt
[1.252s] writing requirements to build/ball_tracking/ball_tracking.egg-info/requires.txt
[1.252s] writing top-level names to build/ball_tracking/ball_tracking.egg-info/top_level.txt
[1.252s] writing manifest file 'build/ball_tracking/ball_tracking.egg-info/SOURCES.txt'
[1.253s] reading manifest file 'build/ball_tracking/ball_tracking.egg-info/SOURCES.txt'
[1.254s] writing manifest file 'build/ball_tracking/ball_tracking.egg-info/SOURCES.txt'
[1.254s] running build
[1.254s] running build_py
[1.255s] creating /home/eunbyeol/kobuki_ws/src/ball_tracking/build/ball_tracking/build
[1.255s] creating /home/eunbyeol/kobuki_ws/src/ball_tracking/build/ball_tracking/build/lib
[1.255s] creating /home/eunbyeol/kobuki_ws/src/ball_tracking/build/ball_tracking/build/lib/ball_tracking
[1.255s] copying ball_tracking/ball_tracking_1.py -> /home/eunbyeol/kobuki_ws/src/ball_tracking/build/ball_tracking/build/lib/ball_tracking
[1.255s] copying ball_tracking/__init__.py -> /home/eunbyeol/kobuki_ws/src/ball_tracking/build/ball_tracking/build/lib/ball_tracking
[1.255s] running install
[1.255s] running install_lib
[1.256s] creating /home/eunbyeol/kobuki_ws/src/ball_tracking/install/ball_tracking/lib/python3.10/site-packages/ball_tracking
[1.256s] copying /home/eunbyeol/kobuki_ws/src/ball_tracking/build/ball_tracking/build/lib/ball_tracking/ball_tracking_1.py -> /home/eunbyeol/kobuki_ws/src/ball_tracking/install/ball_tracking/lib/python3.10/site-packages/ball_tracking
[1.256s] copying /home/eunbyeol/kobuki_ws/src/ball_tracking/build/ball_tracking/build/lib/ball_tracking/__init__.py -> /home/eunbyeol/kobuki_ws/src/ball_tracking/install/ball_tracking/lib/python3.10/site-packages/ball_tracking
[1.256s] byte-compiling /home/eunbyeol/kobuki_ws/src/ball_tracking/install/ball_tracking/lib/python3.10/site-packages/ball_tracking/ball_tracking_1.py to ball_tracking_1.cpython-310.pyc
[1.257s] byte-compiling /home/eunbyeol/kobuki_ws/src/ball_tracking/install/ball_tracking/lib/python3.10/site-packages/ball_tracking/__init__.py to __init__.cpython-310.pyc
[1.258s] running install_data
[1.258s] creating /home/eunbyeol/kobuki_ws/src/ball_tracking/install/ball_tracking/share/ament_index
[1.258s] creating /home/eunbyeol/kobuki_ws/src/ball_tracking/install/ball_tracking/share/ament_index/resource_index
[1.258s] creating /home/eunbyeol/kobuki_ws/src/ball_tracking/install/ball_tracking/share/ament_index/resource_index/packages
[1.258s] copying resource/ball_tracking -> /home/eunbyeol/kobuki_ws/src/ball_tracking/install/ball_tracking/share/ament_index/resource_index/packages
[1.258s] copying package.xml -> /home/eunbyeol/kobuki_ws/src/ball_tracking/install/ball_tracking/share/ball_tracking
[1.258s] running install_egg_info
[1.260s] Copying build/ball_tracking/ball_tracking.egg-info to /home/eunbyeol/kobuki_ws/src/ball_tracking/install/ball_tracking/lib/python3.10/site-packages/ball_tracking-0.0.0-py3.10.egg-info
[1.260s] running install_scripts
[1.280s] Installing ball_box script to /home/eunbyeol/kobuki_ws/src/ball_tracking/install/ball_tracking/lib/ball_tracking
[1.280s] writing list of installed files to '/home/eunbyeol/kobuki_ws/src/ball_tracking/build/ball_tracking/install.log'
[1.304s] Invoked command in '/home/eunbyeol/kobuki_ws/src/ball_tracking' returned '0': PYTHONPATH=/home/eunbyeol/kobuki_ws/src/ball_tracking/build/ball_tracking/prefix_override:/usr/lib/python3/dist-packages/colcon_core/task/python/colcon_distutils_commands:/home/eunbyeol/kobuki_ws/src/ball_tracking/install/ball_tracking/lib/python3.10/site-packages:${PYTHONPATH} /usr/bin/python3 -W ignore:setup.py install is deprecated -W ignore:easy_install command is deprecated setup.py egg_info --egg-base build/ball_tracking build --build-base /home/eunbyeol/kobuki_ws/src/ball_tracking/build/ball_tracking/build install --record /home/eunbyeol/kobuki_ws/src/ball_tracking/build/ball_tracking/install.log --single-version-externally-managed install_data
