[0.398s] Invoking command in '/home/eunbyeol/kobuki_ws/src/ball_tracking': PYTHONPATH=/home/eunbyeol/kobuki_ws/src/ball_tracking/build/ball_tracking/prefix_override:/usr/lib/python3/dist-packages/colcon_core/task/python/colcon_distutils_commands:/home/eunbyeol/kobuki_ws/src/ball_tracking/install/ball_tracking/lib/python3.10/site-packages:${PYTHONPATH} /usr/bin/python3 -W ignore:setup.py install is deprecated -W ignore:easy_install command is deprecated setup.py egg_info --egg-base build/ball_tracking build --build-base /home/eunbyeol/kobuki_ws/src/ball_tracking/build/ball_tracking/build install --record /home/eunbyeol/kobuki_ws/src/ball_tracking/build/ball_tracking/install.log --single-version-externally-managed install_data
[0.545s] running egg_info
[0.545s] writing build/ball_tracking/ball_tracking.egg-info/PKG-INFO
[0.545s] writing dependency_links to build/ball_tracking/ball_tracking.egg-info/dependency_links.txt
[0.546s] writing entry points to build/ball_tracking/ball_tracking.egg-info/entry_points.txt
[0.546s] writing requirements to build/ball_tracking/ball_tracking.egg-info/requires.txt
[0.546s] writing top-level names to build/ball_tracking/ball_tracking.egg-info/top_level.txt
[0.547s] reading manifest file 'build/ball_tracking/ball_tracking.egg-info/SOURCES.txt'
[0.547s] writing manifest file 'build/ball_tracking/ball_tracking.egg-info/SOURCES.txt'
[0.547s] running build
[0.547s] running build_py
[0.547s] copying ball_tracking/ball_tracking_2.py -> /home/eunbyeol/kobuki_ws/src/ball_tracking/build/ball_tracking/build/lib/ball_tracking
[0.547s] running install
[0.548s] running install_lib
[0.548s] copying /home/eunbyeol/kobuki_ws/src/ball_tracking/build/ball_tracking/build/lib/ball_tracking/ball_tracking_2.py -> /home/eunbyeol/kobuki_ws/src/ball_tracking/install/ball_tracking/lib/python3.10/site-packages/ball_tracking
[0.549s] byte-compiling /home/eunbyeol/kobuki_ws/src/ball_tracking/install/ball_tracking/lib/python3.10/site-packages/ball_tracking/ball_tracking_2.py to ball_tracking_2.cpython-310.pyc
[0.550s] running install_data
[0.550s] running install_egg_info
[0.551s] removing '/home/eunbyeol/kobuki_ws/src/ball_tracking/install/ball_tracking/lib/python3.10/site-packages/ball_tracking-0.0.0-py3.10.egg-info' (and everything under it)
[0.551s] Copying build/ball_tracking/ball_tracking.egg-info to /home/eunbyeol/kobuki_ws/src/ball_tracking/install/ball_tracking/lib/python3.10/site-packages/ball_tracking-0.0.0-py3.10.egg-info
[0.551s] running install_scripts
[0.564s] Installing ball_box script to /home/eunbyeol/kobuki_ws/src/ball_tracking/install/ball_tracking/lib/ball_tracking
[0.564s] writing list of installed files to '/home/eunbyeol/kobuki_ws/src/ball_tracking/build/ball_tracking/install.log'
[0.577s] Invoked command in '/home/eunbyeol/kobuki_ws/src/ball_tracking' returned '0': PYTHONPATH=/home/eunbyeol/kobuki_ws/src/ball_tracking/build/ball_tracking/prefix_override:/usr/lib/python3/dist-packages/colcon_core/task/python/colcon_distutils_commands:/home/eunbyeol/kobuki_ws/src/ball_tracking/install/ball_tracking/lib/python3.10/site-packages:${PYTHONPATH} /usr/bin/python3 -W ignore:setup.py install is deprecated -W ignore:easy_install command is deprecated setup.py egg_info --egg-base build/ball_tracking build --build-base /home/eunbyeol/kobuki_ws/src/ball_tracking/build/ball_tracking/build install --record /home/eunbyeol/kobuki_ws/src/ball_tracking/build/ball_tracking/install.log --single-version-externally-managed install_data
